0 info it worked if it ends with ok
1 verbose cli [ '/home/ubuntu/.nvm/v0.10.35/bin/node',
1 verbose cli   '/home/ubuntu/.nvm/v0.10.35/bin/npm',
1 verbose cli   'install' ]
2 info using npm@1.4.28
3 info using node@v0.10.35
4 warn package.json node-mysql@0.0.1 No description
5 warn package.json node-mysql@0.0.1 No repository field.
6 warn package.json node-mysql@0.0.1 No README data
7 verbose readDependencies using package.json deps
8 verbose install where, deps [ '/home/ubuntu/workspace/HaS-server', [ 'express', 'mysql' ] ]
9 info preinstall node-mysql@0.0.1
10 verbose readDependencies using package.json deps
11 verbose cache add [ 'mysql@^5.5.x', null ]
12 verbose cache add name=undefined spec="mysql@^5.5.x" args=["mysql@^5.5.x",null]
13 verbose parsed url { protocol: null,
13 verbose parsed url   slashes: null,
13 verbose parsed url   auth: null,
13 verbose parsed url   host: null,
13 verbose parsed url   port: null,
13 verbose parsed url   hostname: null,
13 verbose parsed url   hash: null,
13 verbose parsed url   search: null,
13 verbose parsed url   query: null,
13 verbose parsed url   pathname: 'mysql@^5.5.x',
13 verbose parsed url   path: 'mysql@^5.5.x',
13 verbose parsed url   href: 'mysql@^5.5.x' }
14 verbose cache add [ 'express@^4.x.x', null ]
15 verbose cache add name=undefined spec="express@^4.x.x" args=["express@^4.x.x",null]
16 verbose parsed url { protocol: null,
16 verbose parsed url   slashes: null,
16 verbose parsed url   auth: null,
16 verbose parsed url   host: null,
16 verbose parsed url   port: null,
16 verbose parsed url   hostname: null,
16 verbose parsed url   hash: null,
16 verbose parsed url   search: null,
16 verbose parsed url   query: null,
16 verbose parsed url   pathname: 'express@^4.x.x',
16 verbose parsed url   path: 'express@^4.x.x',
16 verbose parsed url   href: 'express@^4.x.x' }
17 verbose cache add name="mysql" spec="^5.5.x" args=["mysql","^5.5.x"]
18 verbose parsed url { protocol: null,
18 verbose parsed url   slashes: null,
18 verbose parsed url   auth: null,
18 verbose parsed url   host: null,
18 verbose parsed url   port: null,
18 verbose parsed url   hostname: null,
18 verbose parsed url   hash: null,
18 verbose parsed url   search: null,
18 verbose parsed url   query: null,
18 verbose parsed url   pathname: '^5.5.x',
18 verbose parsed url   path: '^5.5.x',
18 verbose parsed url   href: '^5.5.x' }
19 verbose addNamed [ 'mysql', '^5.5.x' ]
20 verbose addNamed [ null, '>=5.5.0-0 <6.0.0-0' ]
21 verbose cache add name="express" spec="^4.x.x" args=["express","^4.x.x"]
22 verbose parsed url { protocol: null,
22 verbose parsed url   slashes: null,
22 verbose parsed url   auth: null,
22 verbose parsed url   host: null,
22 verbose parsed url   port: null,
22 verbose parsed url   hostname: null,
22 verbose parsed url   hash: null,
22 verbose parsed url   search: null,
22 verbose parsed url   query: null,
22 verbose parsed url   pathname: '^4.x.x',
22 verbose parsed url   path: '^4.x.x',
22 verbose parsed url   href: '^4.x.x' }
23 verbose addNamed [ 'express', '^4.x.x' ]
24 verbose addNamed [ null, '>=4.0.0-0 <5.0.0-0' ]
25 silly lockFile d50b3d9e-mysql-5-5-x mysql@^5.5.x
26 verbose lock mysql@^5.5.x /home/ubuntu/.npm/d50b3d9e-mysql-5-5-x.lock
27 silly lockFile 3db8241d-express-4-x-x express@^4.x.x
28 verbose lock express@^4.x.x /home/ubuntu/.npm/3db8241d-express-4-x-x.lock
29 silly addNameRange { name: 'mysql', range: '>=5.5.0-0 <6.0.0-0', hasData: false }
30 silly addNameRange { name: 'express', range: '>=4.0.0-0 <5.0.0-0', hasData: false }
31 verbose request where is /mysql
32 verbose request registry https://registry.npmjs.org/
33 verbose request id 99a9a43753d0b428
34 verbose url raw /mysql
35 verbose url resolving [ 'https://registry.npmjs.org/', './mysql' ]
36 verbose url resolved https://registry.npmjs.org/mysql
37 verbose request where is https://registry.npmjs.org/mysql
38 info trying registry request attempt 1 at 21:00:03
39 verbose etag "1KEV87MG1BO9JXGN0N1NKNGLL"
40 http GET https://registry.npmjs.org/mysql
41 verbose request where is /express
42 verbose request registry https://registry.npmjs.org/
43 verbose url raw /express
44 verbose url resolving [ 'https://registry.npmjs.org/', './express' ]
45 verbose url resolved https://registry.npmjs.org/express
46 verbose request where is https://registry.npmjs.org/express
47 info trying registry request attempt 1 at 21:00:04
48 verbose etag "ENPKW1GB90EOZVGRWRJWF5O03"
49 http GET https://registry.npmjs.org/express
50 http 200 https://registry.npmjs.org/express
51 silly registry.get cb [ 200,
51 silly registry.get   { server: 'CouchDB/1.5.0 (Erlang OTP/R16B03)',
51 silly registry.get     etag: '"7ES1C24UCD10AH6GAA6KP27KB"',
51 silly registry.get     'content-type': 'application/json',
51 silly registry.get     'cache-control': 'max-age=60',
51 silly registry.get     'content-length': '506176',
51 silly registry.get     'accept-ranges': 'bytes',
51 silly registry.get     date: 'Wed, 01 Jul 2015 21:00:04 GMT',
51 silly registry.get     via: '1.1 varnish',
51 silly registry.get     age: '21',
51 silly registry.get     connection: 'keep-alive',
51 silly registry.get     'x-served-by': 'cache-fra1227-FRA',
51 silly registry.get     'x-cache': 'HIT',
51 silly registry.get     'x-cache-hits': '1',
51 silly registry.get     'x-timer': 'S1435784404.249682,VS0,VE2',
51 silly registry.get     vary: 'Accept' } ]
52 http 304 https://registry.npmjs.org/mysql
53 silly registry.get cb [ 304,
53 silly registry.get   { date: 'Wed, 01 Jul 2015 21:00:04 GMT',
53 silly registry.get     via: '1.1 varnish',
53 silly registry.get     'cache-control': 'max-age=60',
53 silly registry.get     etag: '"1KEV87MG1BO9JXGN0N1NKNGLL"',
53 silly registry.get     age: '0',
53 silly registry.get     connection: 'keep-alive',
53 silly registry.get     'x-served-by': 'cache-lcy1132-LCY',
53 silly registry.get     'x-cache': 'HIT',
53 silly registry.get     'x-cache-hits': '1',
53 silly registry.get     'x-timer': 'S1435784404.220772,VS0,VE169',
53 silly registry.get     vary: 'Accept' } ]
54 verbose etag https://registry.npmjs.org/mysql from cache
55 silly addNameRange number 2 { name: 'express', range: '>=4.0.0-0 <5.0.0-0', hasData: true }
56 silly addNameRange versions [ 'express',
56 silly addNameRange   [ '0.14.0',
56 silly addNameRange     '0.14.1',
56 silly addNameRange     '1.0.0',
56 silly addNameRange     '1.0.1',
56 silly addNameRange     '1.0.2',
56 silly addNameRange     '1.0.3',
56 silly addNameRange     '1.0.4',
56 silly addNameRange     '1.0.5',
56 silly addNameRange     '1.0.6',
56 silly addNameRange     '1.0.7',
56 silly addNameRange     '1.0.8',
56 silly addNameRange     '2.0.0',
56 silly addNameRange     '2.1.0',
56 silly addNameRange     '2.1.1',
56 silly addNameRange     '2.2.0',
56 silly addNameRange     '2.2.1',
56 silly addNameRange     '2.2.2',
56 silly addNameRange     '2.3.0',
56 silly addNameRange     '2.3.1',
56 silly addNameRange     '2.3.2',
56 silly addNameRange     '2.3.3',
56 silly addNameRange     '2.3.4',
56 silly addNameRange     '2.3.5',
56 silly addNameRange     '2.3.6',
56 silly addNameRange     '2.3.7',
56 silly addNameRange     '2.3.8',
56 silly addNameRange     '2.3.9',
56 silly addNameRange     '2.3.10',
56 silly addNameRange     '2.3.11',
56 silly addNameRange     '2.3.12',
56 silly addNameRange     '2.4.0',
56 silly addNameRange     '2.4.1',
56 silly addNameRange     '2.4.2',
56 silly addNameRange     '2.4.3',
56 silly addNameRange     '2.4.4',
56 silly addNameRange     '2.4.5',
56 silly addNameRange     '2.4.6',
56 silly addNameRange     '2.4.7',
56 silly addNameRange     '2.5.0',
56 silly addNameRange     '2.5.1',
56 silly addNameRange     '2.5.2',
56 silly addNameRange     '2.5.3',
56 silly addNameRange     '2.5.4',
56 silly addNameRange     '2.5.5',
56 silly addNameRange     '2.5.6',
56 silly addNameRange     '2.5.7',
56 silly addNameRange     '2.5.8',
56 silly addNameRange     '2.5.9',
56 silly addNameRange     '2.5.10',
56 silly addNameRange     '2.5.11',
56 silly addNameRange     '3.0.0',
56 silly addNameRange     '3.0.1',
56 silly addNameRange     '3.0.2',
56 silly addNameRange     '3.0.3',
56 silly addNameRange     '3.0.4',
56 silly addNameRange     '3.0.5',
56 silly addNameRange     '3.0.6',
56 silly addNameRange     '3.1.0',
56 silly addNameRange     '3.1.1',
56 silly addNameRange     '3.1.2',
56 silly addNameRange     '3.2.0',
56 silly addNameRange     '3.2.1',
56 silly addNameRange     '3.2.2',
56 silly addNameRange     '3.2.3',
56 silly addNameRange     '3.2.4',
56 silly addNameRange     '3.2.5',
56 silly addNameRange     '3.2.6',
56 silly addNameRange     '3.3.0',
56 silly addNameRange     '3.3.1',
56 silly addNameRange     '3.3.2',
56 silly addNameRange     '3.3.3',
56 silly addNameRange     '3.3.4',
56 silly addNameRange     '3.3.5',
56 silly addNameRange     '3.3.6',
56 silly addNameRange     '1.0.0-beta',
56 silly addNameRange     '1.0.0-beta2',
56 silly addNameRange     '1.0.0-rc',
56 silly addNameRange     '1.0.0-rc2',
56 silly addNameRange     '1.0.0-rc3',
56 silly addNameRange     '1.0.0-rc4',
56 silly addNameRange     '2.0.0-beta',
56 silly addNameRange     '2.0.0-beta2',
56 silly addNameRange     '2.0.0-beta3',
56 silly addNameRange     '2.0.0-rc',
56 silly addNameRange     '2.0.0-rc2',
56 silly addNameRange     '2.0.0-rc3',
56 silly addNameRange     '3.0.0-alpha1',
56 silly addNameRange     '3.0.0-alpha2',
56 silly addNameRange     '3.0.0-alpha3',
56 silly addNameRange     '3.0.0-alpha4',
56 silly addNameRange     '3.0.0-alpha5',
56 silly addNameRange     '3.0.0-beta1',
56 silly addNameRange     '3.0.0-beta2',
56 silly addNameRange     '3.0.0-beta3',
56 silly addNameRange     '3.0.0-beta4',
56 silly addNameRange     '3.0.0-beta6',
56 silly addNameRange     '3.0.0-beta7',
56 silly addNameRange     '3.0.0-rc1',
56 silly addNameRange     '3.0.0-rc2',
56 silly addNameRange     '3.0.0-rc3',
56 silly addNameRange     '3.0.0-rc4',
56 silly addNameRange     '3.0.0-rc5',
56 silly addNameRange     '3.3.7',
56 silly addNameRange     '3.3.8',
56 silly addNameRange     '3.4.0',
56 silly addNameRange     '3.4.1',
56 silly addNameRange     '3.4.2',
56 silly addNameRange     '3.4.3',
56 silly addNameRange     '3.4.4',
56 silly addNameRange     '3.4.5',
56 silly addNameRange     '3.4.6',
56 silly addNameRange     '3.4.7',
56 silly addNameRange     '3.4.8',
56 silly addNameRange     '4.0.0-rc1',
56 silly addNameRange     '4.0.0-rc2',
56 silly addNameRange     '3.5.0',
56 silly addNameRange     '4.0.0-rc3',
56 silly addNameRange     '4.0.0-rc4',
56 silly addNameRange     '3.5.1',
56 silly addNameRange     '4.0.0',
56 silly addNameRange     '3.5.2',
56 silly addNameRange     '4.1.0',
56 silly addNameRange     '4.1.1',
56 silly addNameRange     '3.5.3',
56 silly addNameRange     '4.1.2',
56 silly addNameRange     '3.6.0',
56 silly addNameRange     '4.2.0',
56 silly addNameRange     '3.7.0',
56 silly addNameRange     '3.8.0',
56 silly addNameRange     '4.3.0',
56 silly addNameRange     '4.3.1',
56 silly addNameRange     '3.8.1',
56 silly addNameRange     '4.3.2',
56 silly addNameRange     '3.9.0',
56 silly addNameRange     '4.4.0',
56 silly addNameRange     '4.4.1',
56 silly addNameRange     '3.10.0',
56 silly addNameRange     '3.10.1',
56 silly addNameRange     '3.10.2',
56 silly addNameRange     '3.10.3',
56 silly addNameRange     '3.10.4',
56 silly addNameRange     '4.4.2',
56 silly addNameRange     '3.10.5',
56 silly addNameRange     '4.4.3',
56 silly addNameRange     '3.11.0',
56 silly addNameRange     '4.4.4',
56 silly addNameRange     '3.12.0',
56 silly addNameRange     '3.12.1',
56 silly addNameRange     '4.4.5',
56 silly addNameRange     '3.13.0',
56 silly addNameRange     '4.5.0',
56 silly addNameRange     '4.5.1',
56 silly addNameRange     '3.14.0',
56 silly addNameRange     '4.6.0',
56 silly addNameRange     '4.6.1',
56 silly addNameRange     '3.15.0',
56 silly addNameRange     '4.7.0',
56 silly addNameRange     '3.15.1',
56 silly addNameRange     '4.7.1',
56 silly addNameRange     '3.15.2',
56 silly addNameRange     '4.7.2',
56 silly addNameRange     '4.7.3',
56 silly addNameRange     '3.15.3',
56 silly addNameRange     '4.7.4',
56 silly addNameRange     '3.16.0',
56 silly addNameRange     '4.8.0',
56 silly addNameRange     '3.16.1',
56 silly addNameRange     '4.8.1',
56 silly addNameRange     '3.16.2',
56 silly addNameRange     '4.8.2',
56 silly addNameRange     '3.16.3',
56 silly addNameRange     '3.16.4',
56 silly addNameRange     '4.8.3',
56 silly addNameRange     '3.16.5',
56 silly addNameRange     '3.16.6',
56 silly addNameRange     '4.8.4',
56 silly addNameRange     '3.16.7',
56 silly addNameRange     '4.8.5',
56 silly addNameRange     '3.16.8',
56 silly addNameRange     '4.8.6',
56 silly addNameRange     '3.16.9',
56 silly addNameRange     '4.8.7',
56 silly addNameRange     '3.16.10',
56 silly addNameRange     '4.8.8',
56 silly addNameRange     '3.17.0',
56 silly addNameRange     '3.17.1',
56 silly addNameRange     '4.9.0',
56 silly addNameRange     '3.17.2',
56 silly addNameRange     '4.9.1',
56 silly addNameRange     '4.9.2',
56 silly addNameRange     '3.17.3',
56 silly addNameRange     '4.9.3',
56 silly addNameRange     '3.17.4',
56 silly addNameRange     '4.9.4',
56 silly addNameRange     '3.17.5',
56 silly addNameRange     '4.9.5',
56 silly addNameRange     '3.17.6',
56 silly addNameRange     '3.17.7',
56 silly addNameRange     '4.9.6',
56 silly addNameRange     '4.9.7',
56 silly addNameRange     '3.17.8',
56 silly addNameRange     '4.9.8',
56 silly addNameRange     '3.18.0',
56 silly addNameRange     '3.18.1',
56 silly addNameRange     '4.10.0',
56 silly addNameRange     '3.18.2',
56 silly addNameRange     '4.10.1',
56 silly addNameRange     '5.0.0-alpha.1',
56 silly addNameRange     '3.18.3',
56 silly addNameRange     '4.10.2',
56 silly addNameRange     '3.18.4',
56 silly addNameRange     '4.10.3',
56 silly addNameRange     '4.10.4',
56 silly addNameRange     '4.10.5',
56 silly addNameRange     '3.18.5',
56 silly addNameRange     '3.18.6',
56 silly addNameRange     '4.10.6',
56 silly addNameRange     '4.10.7',
56 silly addNameRange     '3.19.0',
56 silly addNameRange     '4.10.8',
56 silly addNameRange     '4.11.0',
56 silly addNameRange     '3.19.1',
56 silly addNameRange     '4.11.1',
56 silly addNameRange     '3.19.2',
56 silly addNameRange     '4.11.2',
56 silly addNameRange     '3.20.0',
56 silly addNameRange     '4.12.0',
56 silly addNameRange     '3.20.1',
56 silly addNameRange     '4.12.1',
56 silly addNameRange     '4.12.2',
56 silly addNameRange     '3.20.2',
56 silly addNameRange     '4.12.3',
56 silly addNameRange     '3.20.3',
56 silly addNameRange     '4.12.4',
56 silly addNameRange     '3.21.0',
56 silly addNameRange     '4.13.0' ] ]
57 verbose addNamed [ 'express', '4.13.0' ]
58 verbose addNamed [ '4.13.0', '4.13.0' ]
59 silly lockFile 52804fb9-express-4-13-0 express@4.13.0
60 verbose lock express@4.13.0 /home/ubuntu/.npm/52804fb9-express-4-13-0.lock
61 silly addNameRange number 2 { name: 'mysql', range: '>=5.5.0-0 <6.0.0-0', hasData: true }
62 silly addNameRange versions [ 'mysql',
62 silly addNameRange   [ '0.1.0',
62 silly addNameRange     '0.2.0',
62 silly addNameRange     '0.3.0',
62 silly addNameRange     '0.4.0',
62 silly addNameRange     '0.5.0',
62 silly addNameRange     '0.6.0',
62 silly addNameRange     '0.7.0',
62 silly addNameRange     '0.8.0',
62 silly addNameRange     '0.9.0',
62 silly addNameRange     '0.9.1',
62 silly addNameRange     '0.9.2',
62 silly addNameRange     '0.9.3',
62 silly addNameRange     '0.9.4',
62 silly addNameRange     '0.9.5',
62 silly addNameRange     '0.9.6',
62 silly addNameRange     '2.0.0-alpha',
62 silly addNameRange     '2.0.0-alpha2',
62 silly addNameRange     '2.0.0-alpha3',
62 silly addNameRange     '2.0.0-alpha4',
62 silly addNameRange     '2.0.0-alpha5',
62 silly addNameRange     '2.0.0-alpha6',
62 silly addNameRange     '2.0.0-alpha7',
62 silly addNameRange     '2.0.0-alpha8',
62 silly addNameRange     '2.0.0-alpha9',
62 silly addNameRange     '2.0.0-rc1',
62 silly addNameRange     '2.0.0-rc2',
62 silly addNameRange     '2.0.0',
62 silly addNameRange     '2.0.1',
62 silly addNameRange     '2.1.0',
62 silly addNameRange     '2.1.1',
62 silly addNameRange     '2.2.0',
62 silly addNameRange     '2.3.0',
62 silly addNameRange     '2.3.1',
62 silly addNameRange     '2.3.2',
62 silly addNameRange     '2.4.0',
62 silly addNameRange     '2.4.1',
62 silly addNameRange     '2.4.2',
62 silly addNameRange     '2.4.3',
62 silly addNameRange     '2.5.0',
62 silly addNameRange     '2.5.1',
62 silly addNameRange     '2.5.2',
62 silly addNameRange     '2.5.3',
62 silly addNameRange     '2.5.4',
62 silly addNameRange     '2.5.5',
62 silly addNameRange     '2.6.0',
62 silly addNameRange     '2.6.1',
62 silly addNameRange     '2.6.2',
62 silly addNameRange     '2.7.0' ] ]
63 silly lockFile d50b3d9e-mysql-5-5-x mysql@^5.5.x
64 silly lockFile d50b3d9e-mysql-5-5-x mysql@^5.5.x
65 silly lockFile 52804fb9-express-4-13-0 express@4.13.0
66 silly lockFile 52804fb9-express-4-13-0 express@4.13.0
67 silly lockFile 3db8241d-express-4-x-x express@^4.x.x
68 silly lockFile 3db8241d-express-4-x-x express@^4.x.x
69 error notarget No compatible version found: mysql@'>=5.5.0-0 <6.0.0-0'
69 error notarget Valid install targets:
69 error notarget ["2.0.0-alpha","2.0.0-alpha2","0.1.0","0.2.0","0.3.0","0.4.0","0.5.0","0.6.0","0.7.0","0.8.0","0.9.0","0.9.1","0.9.2","0.9.3","0.9.4","0.9.5","0.9.6","2.0.0-alpha","2.0.0-alpha2","2.0.0-alpha3","2.0.0-alpha4","2.0.0-alpha5","2.0.0-alpha6","2.0.0-alpha7","2.0.0-alpha8","2.0.0-alpha9","2.0.0-rc1","2.0.0-rc2","2.0.0","2.0.1","2.1.0","2.1.1","2.2.0","2.3.0","2.3.1","2.3.2","2.4.0","2.4.1","2.4.2","2.4.3","2.5.0","2.5.1","2.5.2","2.5.3","2.5.4","2.5.5","2.6.0","2.6.1","2.6.2","2.7.0"]
69 error notarget
69 error notarget This is most likely not a problem with npm itself.
69 error notarget In most cases you or one of your dependencies are requesting
69 error notarget a package version that doesn't exist.
70 error System Linux 3.14.13-c9
71 error command "/home/ubuntu/.nvm/v0.10.35/bin/node" "/home/ubuntu/.nvm/v0.10.35/bin/npm" "install"
72 error cwd /home/ubuntu/workspace/HaS-server
73 error node -v v0.10.35
74 error npm -v 1.4.28
75 error code ETARGET
76 verbose exit [ 1, true ]
